<?xml version="1.0" encoding="UTF-8"?>
<!-- Generated by org.testng.reporters.JUnitReportReporter -->
<testsuite hostname="DESKTOP-QHOC536" failures="0" tests="4" name="testcases.E2ETest" time="22.518" errors="0" timestamp="2020-11-27T09:51:56 IST" skipped="0">
  <testcase classname="testcases.E2ETest" name="PrintAllLanguagesApp" time="2.503"/>
  <system-out/>
  <testcase classname="testcases.E2ETest" name="DeutschApp" time="7.325"/>
  <system-out/>
  <testcase classname="testcases.E2ETest" name="SuomiApp" time="7.317"/>
  <system-out/>
  <testcase classname="testcases.E2ETest" name="EnglishApp" time="5.373"/>
  <system-out/>
</testsuite> <!-- testcases.E2ETest -->
