<?xml version="1.0" encoding="UTF-8"?>
<!-- Generated by org.testng.reporters.JUnitReportReporter -->
<testsuite hostname="DESKTOP-QHOC536" failures="0" tests="1" name="testcases.SuomiTest" time="8.111" errors="0" timestamp="2020-11-26T17:12:00 IST" skipped="0">
  <testcase classname="testcases.SuomiTest" name="SuomiApp" time="8.111"/>
  <system-out/>
</testsuite> <!-- testcases.SuomiTest -->
