<?xml version="1.0" encoding="UTF-8"?>
<!-- Generated by org.testng.reporters.JUnitReportReporter -->
<testsuite hostname="DESKTOP-QHOC536" failures="0" tests="1" name="testcases.VerifyTableCellTextTest" time="4.058" errors="0" timestamp="2020-11-28T19:50:43 IST" skipped="0">
  <testcase classname="testcases.VerifyTableCellTextTest" name="InsertCompanyGetContactApp" time="4.058"/>
  <system-out/>
</testsuite> <!-- testcases.VerifyTableCellTextTest -->
