<?xml version="1.0" encoding="UTF-8"?>
<!-- Generated by org.testng.reporters.JUnitReportReporter -->
<testsuite hostname="DESKTOP-QHOC536" failures="0" tests="1" name="testcases.LanguageTest" time="8.115" errors="0" timestamp="2020-11-26T10:50:47 IST" skipped="0">
  <testcase classname="testcases.LanguageTest" name="LanguageApp" time="8.115"/>
  <system-out/>
</testsuite> <!-- testcases.LanguageTest -->
