<?xml version="1.0" encoding="UTF-8"?>
<!-- Generated by org.testng.reporters.JUnitReportReporter -->
<testsuite hostname="DESKTOP-QHOC536" failures="0" tests="1" name="testcases.GetTableCellTextTest" time="1.003" errors="0" timestamp="2020-11-28T13:20:31 IST" skipped="0">
  <testcase classname="testcases.GetTableCellTextTest" name="GetTableCellTextApp" time="1.003"/>
  <system-out/>
</testsuite> <!-- testcases.GetTableCellTextTest -->
