<?xml version="1.0" encoding="UTF-8"?>
<!-- Generated by org.testng.reporters.JUnitReportReporter -->
<testsuite hostname="DESKTOP-QHOC536" failures="0" tests="1" name="testcases.PrintTest" time="0.776" errors="0" timestamp="2020-11-28T03:35:28 IST" skipped="0">
  <testcase classname="testcases.PrintTest" name="PrintApp" time="0.776"/>
  <system-out/>
</testsuite> <!-- testcases.PrintTest -->
