<?xml version="1.0" encoding="UTF-8"?>
<!-- Generated by org.testng.reporters.JUnitReportReporter -->
<testsuite hostname="DESKTOP-QHOC536" failures="0" tests="1" name="testcases.DeutschTest" time="8.710" errors="0" timestamp="2020-11-26T17:12:28 IST" skipped="0">
  <testcase classname="testcases.DeutschTest" name="DeutschApp" time="8.710"/>
  <system-out/>
</testsuite> <!-- testcases.DeutschTest -->
