<?xml version="1.0" encoding="UTF-8"?>
<!-- Generated by org.testng.reporters.JUnitReportReporter -->
<testsuite hostname="DESKTOP-QHOC536" failures="0" tests="6" name="testcases.GetTableCellTextByXpathTest" time="12.935" errors="0" timestamp="2020-12-03T20:33:17 IST" skipped="0">
  <testcase classname="testcases.GetTableCellTextByXpathTest" name="InsertCompanyGetContactApp" time="2.158"/>
  <system-out/>
  <testcase classname="testcases.GetTableCellTextByXpathTest" name="InsertCompanyGetCountryApp" time="2.384"/>
  <system-out/>
  <testcase classname="testcases.GetTableCellTextByXpathTest" name="InsertContactGetCompanyApp" time="2.116"/>
  <system-out/>
  <testcase classname="testcases.GetTableCellTextByXpathTest" name="InsertContactGetCountryApp" time="1.982"/>
  <system-out/>
  <testcase classname="testcases.GetTableCellTextByXpathTest" name="InsertCountryGetCompanyApp" time="2.170"/>
  <system-out/>
  <testcase classname="testcases.GetTableCellTextByXpathTest" name="InsertCountryGetContactApp" time="2.125"/>
  <system-out/>
</testsuite> <!-- testcases.GetTableCellTextByXpathTest -->
