<?xml version="1.0" encoding="UTF-8"?>
<!-- Generated by org.testng.reporters.JUnitReportReporter -->
<testsuite hostname="DESKTOP-QHOC536" failures="0" tests="6" name="testcases.VerifyTableCellTextTest" time="20.833" errors="0" timestamp="2020-11-28T20:13:41 IST" skipped="0">
  <testcase classname="testcases.VerifyTableCellTextTest" name="VerifyCompanyGetContactApp" time="3.691"/>
  <system-out/>
  <testcase classname="testcases.VerifyTableCellTextTest" name="VerifyCompanyGetCountryApp" time="3.748"/>
  <system-out/>
  <testcase classname="testcases.VerifyTableCellTextTest" name="VerifyContactGetCompanyApp" time="3.525"/>
  <system-out/>
  <testcase classname="testcases.VerifyTableCellTextTest" name="VerifyContactGetCountryApp" time="3.291"/>
  <system-out/>
  <testcase classname="testcases.VerifyTableCellTextTest" name="VerifyCountryGetCompanyApp" time="3.343"/>
  <system-out/>
  <testcase classname="testcases.VerifyTableCellTextTest" name="VerifyCountryGetContactApp" time="3.235"/>
  <system-out/>
</testsuite> <!-- testcases.VerifyTableCellTextTest -->
