<?xml version="1.0" encoding="UTF-8"?>
<!-- Generated by org.testng.reporters.JUnitReportReporter -->
<testsuite hostname="DESKTOP-QHOC536" failures="0" tests="1" name="testcases.GetTableCellTextTest" time="0.892" errors="0" timestamp="2020-11-28T14:12:04 IST" skipped="0">
  <testcase classname="testcases.GetTableCellTextTest" name="GetTableCellTextApp" time="0.892"/>
  <system-out/>
</testsuite> <!-- testcases.GetTableCellTextTest -->
