<?xml version="1.0" encoding="UTF-8"?>
<!-- Generated by org.testng.reporters.JUnitReportReporter -->
<testsuite hostname="DESKTOP-QHOC536" failures="0" tests="1" name="testcases.EnglishTest" time="5.608" errors="0" timestamp="2020-11-26T17:11:27 IST" skipped="0">
  <testcase classname="testcases.EnglishTest" name="EnglishApp" time="5.608"/>
  <system-out/>
</testsuite> <!-- testcases.EnglishTest -->
