<?xml version="1.0" encoding="UTF-8"?>
<!-- Generated by org.testng.reporters.JUnitReportReporter -->
<testsuite hostname="DESKTOP-QHOC536" failures="0" tests="6" name="testcases.VerifyTableCellTextTest" time="25.618" errors="0" timestamp="2020-11-28T21:40:51 IST" skipped="0">
  <testcase classname="testcases.VerifyTableCellTextTest" name="VerifyCompanyGetContactApp" time="4.274"/>
  <system-out/>
  <testcase classname="testcases.VerifyTableCellTextTest" name="VerifyCompanyGetCountryApp" time="3.627"/>
  <system-out/>
  <testcase classname="testcases.VerifyTableCellTextTest" name="VerifyContactGetCompanyApp" time="4.199"/>
  <system-out/>
  <testcase classname="testcases.VerifyTableCellTextTest" name="VerifyContactGetCountryApp" time="4.568"/>
  <system-out/>
  <testcase classname="testcases.VerifyTableCellTextTest" name="VerifyCountryGetCompanyApp" time="4.577"/>
  <system-out/>
  <testcase classname="testcases.VerifyTableCellTextTest" name="VerifyCountryGetContactApp" time="4.373"/>
  <system-out/>
</testsuite> <!-- testcases.VerifyTableCellTextTest -->
