<?xml version="1.0" encoding="UTF-8"?>
<!-- Generated by org.testng.reporters.JUnitReportReporter -->
<testsuite hostname="DESKTOP-QHOC536" failures="0" tests="6" name="testcases.GetTableCellTextTest" time="19.398" errors="0" timestamp="2020-11-28T19:24:31 IST" skipped="0">
  <testcase classname="testcases.GetTableCellTextTest" name="InsertCompanyGetContactApp" time="3.618"/>
  <system-out/>
  <testcase classname="testcases.GetTableCellTextTest" name="InsertCompanyGetCountryApp" time="3.511"/>
  <system-out/>
  <testcase classname="testcases.GetTableCellTextTest" name="InsertContactGetCompanyApp" time="3.212"/>
  <system-out/>
  <testcase classname="testcases.GetTableCellTextTest" name="InsertContactGetCountryApp" time="3.186"/>
  <system-out/>
  <testcase classname="testcases.GetTableCellTextTest" name="InsertCountryGetCompanyApp" time="2.968"/>
  <system-out/>
  <testcase classname="testcases.GetTableCellTextTest" name="InsertCountryGetContactApp" time="2.903"/>
  <system-out/>
</testsuite> <!-- testcases.GetTableCellTextTest -->
