<?xml version="1.0" encoding="UTF-8"?>
<!-- Generated by org.testng.reporters.JUnitReportReporter -->
<testsuite hostname="DESKTOP-QHOC536" failures="0" tests="6" name="testcases.GetTableCellTextByXpathTest" time="20.454" errors="0" timestamp="2020-11-28T21:54:21 IST" skipped="0">
  <testcase classname="testcases.GetTableCellTextByXpathTest" name="InsertCompanyGetContactApp" time="4.115"/>
  <system-out/>
  <testcase classname="testcases.GetTableCellTextByXpathTest" name="InsertCompanyGetCountryApp" time="2.519"/>
  <system-out/>
  <testcase classname="testcases.GetTableCellTextByXpathTest" name="InsertContactGetCompanyApp" time="3.008"/>
  <system-out/>
  <testcase classname="testcases.GetTableCellTextByXpathTest" name="InsertContactGetCountryApp" time="3.497"/>
  <system-out/>
  <testcase classname="testcases.GetTableCellTextByXpathTest" name="InsertCountryGetCompanyApp" time="3.575"/>
  <system-out/>
  <testcase classname="testcases.GetTableCellTextByXpathTest" name="InsertCountryGetContactApp" time="3.740"/>
  <system-out/>
</testsuite> <!-- testcases.GetTableCellTextByXpathTest -->
