<?xml version="1.0" encoding="UTF-8"?>
<!-- Generated by org.testng.reporters.JUnitReportReporter -->
<testsuite hostname="DESKTOP-QHOC536" failures="0" tests="6" name="testcases.GetTableCellTextTest" time="27.704" errors="0" timestamp="2020-11-28T21:19:40 IST" skipped="0">
  <testcase classname="testcases.GetTableCellTextTest" name="InsertCompanyGetContactApp" time="5.152"/>
  <system-out/>
  <testcase classname="testcases.GetTableCellTextTest" name="InsertCompanyGetCountryApp" time="4.652"/>
  <system-out/>
  <testcase classname="testcases.GetTableCellTextTest" name="InsertContactGetCompanyApp" time="4.232"/>
  <system-out/>
  <testcase classname="testcases.GetTableCellTextTest" name="InsertContactGetCountryApp" time="4.616"/>
  <system-out/>
  <testcase classname="testcases.GetTableCellTextTest" name="InsertCountryGetCompanyApp" time="4.421"/>
  <system-out/>
  <testcase classname="testcases.GetTableCellTextTest" name="InsertCountryGetContactApp" time="4.631"/>
  <system-out/>
</testsuite> <!-- testcases.GetTableCellTextTest -->
